Build started 2015-06-17 09:45:43.
     1>Project "C:\Users\kamil.rutkowski\Documents\Visual Studio 2012\Projects\Projekt\SLTK\SLTK.vcxproj" on node 2 (Build target(s)).
     1>ClCompile:
         C:\Program Files (x86)\Microsoft Visual Studio 11.0\VC\bin\CL.exe /c /I..\include /ZI /nologo /W3 /WX- /Od /Oy- /D WIN32 /D _DEBUG /D _CONSOLE /D _UNICODE /D UNICODE /Gm /EHsc /RTC1 /MDd /GS /fp:precise /Zc:wchar_t /Zc:forScope /Fo"Debug\\" /Fd"Debug\vc110.pdb" /Gd /TP /analyze- /errorReport:prompt Animations.cpp DrawGameMap.cpp Monster.cpp
         Monster.cpp
     1>c:\users\kamil.rutkowski\documents\visual studio 2012\projects\projekt\sltk\monster.h(25): error C2079: 'Monster::posit' uses undefined struct 'position'
     1>c:\users\kamil.rutkowski\documents\visual studio 2012\projects\projekt\sltk\monster.cpp(11): error C2228: left of '.x' must have class/struct/union
                 type is 'int'
     1>c:\users\kamil.rutkowski\documents\visual studio 2012\projects\projekt\sltk\monster.cpp(12): error C2228: left of '.y' must have class/struct/union
                 type is 'int'
     1>c:\users\kamil.rutkowski\documents\visual studio 2012\projects\projekt\sltk\monster.cpp(29): error C2664: 'position::position(const position &)' : cannot convert parameter 1 from 'int' to 'const position &'
                 Reason: cannot convert from 'int' to 'const position'
                 No constructor could take the source type, or constructor overload resolution was ambiguous
     1>c:\users\kamil.rutkowski\documents\visual studio 2012\projects\projekt\sltk\monster.cpp(34): error C2228: left of '.y' must have class/struct/union
                 type is 'int'
         DrawGameMap.cpp
     1>c:\users\kamil.rutkowski\documents\visual studio 2012\projects\projekt\sltk\monster.h(25): error C2079: 'Monster::posit' uses undefined struct 'position'
     1>c:\users\kamil.rutkowski\documents\visual studio 2012\projects\projekt\sltk\drawgamemap.cpp(20): error C3867: 'std::list<_Ty>::begin': function call missing argument list; use '&std::list<_Ty>::begin' to create a pointer to member
                 with
                 [
                     _Ty=Monster
                 ]
     1>c:\users\kamil.rutkowski\documents\visual studio 2012\projects\projekt\sltk\drawgamemap.cpp(20): error C2105: '++' needs l-value
     1>c:\users\kamil.rutkowski\documents\visual studio 2012\projects\projekt\sltk\drawgamemap.cpp(20): error C2679: binary '=' : no operator found which takes a right-hand operand of type 'int' (or there is no acceptable conversion)
                 c:\program files (x86)\microsoft visual studio 11.0\vc\include\list(396): could be 'std::_List_iterator<_Mylist> &std::_List_iterator<_Mylist>::operator =(const std::_List_iterator<_Mylist> &)'
                 with
                 [
                     _Mylist=std::_List_val<std::_List_simple_types<Monster>>
                 ]
                 while trying to match the argument list '(std::_List_iterator<_Mylist>, int)'
                 with
                 [
                     _Mylist=std::_List_val<std::_List_simple_types<Monster>>
                 ]
     1>c:\users\kamil.rutkowski\documents\visual studio 2012\projects\projekt\sltk\drawgamemap.cpp(22): error C2228: left of '.X' must have class/struct/union
     1>c:\users\kamil.rutkowski\documents\visual studio 2012\projects\projekt\sltk\drawgamemap.cpp(22): error C2228: left of '.Y' must have class/struct/union
         Generating Code...
         Compiling...
         Animations.cpp
         Generating Code...
     1>Done Building Project "C:\Users\kamil.rutkowski\Documents\Visual Studio 2012\Projects\Projekt\SLTK\SLTK.vcxproj" (Build target(s)) -- FAILED.

Build FAILED.

Time Elapsed 00:00:00.95
